<?xml version="1.0" encoding="UTF-8"?>
<!-- Generated by org.testng.reporters.JUnitReportReporter -->
<testsuite hostname="SathishChowdary" failures="0" tests="1" name="com.mindtree.runner.TestNGRunner" time="32.001" errors="0" timestamp="2023-12-16T17:52:33 IST" skipped="0">
  <testcase classname="com.mindtree.runner.TestNGRunner" name="runScenario" time="32.001"/>
  <system-out/>
</testsuite> <!-- com.mindtree.runner.TestNGRunner -->
