<?xml version="1.0" encoding="UTF-8"?>
<!-- Generated by org.testng.reporters.JUnitReportReporter -->
<testsuite hostname="mindallb407" failures="0" tests="1" name="runner.TestNGRunner" time="7.617" errors="0" timestamp="2022-07-25T10:53:59 GMT+05:30" skipped="0">
  <testcase classname="runner.TestNGRunner" name="runScenario" time="7.617"/>
  <system-out/>
</testsuite> <!-- runner.TestNGRunner -->
